[0.472s] DEBUG:colcon:Command line arguments: ['/home/brahim/.local/bin/colcon', 'build', '--packages-select', 'controle_robot']
[0.472s] DEBUG:colcon:Parsed command line arguments: Namespace(ament_cmake_args=None, base_paths=['.'], build_base='build', catkin_cmake_args=None, catkin_skip_building_tests=False, cmake_args=None, cmake_clean_cache=False, cmake_clean_first=False, cmake_force_configure=False, cmake_target=None, cmake_target_skip_unavailable=False, continue_on_error=False, event_handlers=None, executor='parallel', ignore_user_meta=False, install_base='install', log_base=None, log_level=None, main=<bound method BuildVerb.main of <colcon_core.verb.build.BuildVerb object at 0x7fb2f4e5a3d0>>, merge_install=False, metas=['./colcon.meta'], packages_above=None, packages_above_and_dependencies=None, packages_above_depth=None, packages_end=None, packages_ignore=None, packages_ignore_regex=None, packages_select=['controle_robot'], packages_select_build_failed=False, packages_select_by_dep=None, packages_select_regex=None, packages_select_test_failures=False, packages_skip=None, packages_skip_build_finished=False, packages_skip_by_dep=None, packages_skip_regex=None, packages_skip_test_passed=False, packages_skip_up_to=None, packages_start=None, packages_up_to=None, packages_up_to_regex=None, parallel_workers=2, paths=None, symlink_install=False, test_result_base=None, verb_extension=<colcon_core.verb.build.BuildVerb object at 0x7fb2f4e5a3d0>, verb_name='build', verb_parser=<colcon_defaults.argument_parser.defaults.DefaultArgumentsDecorator object at 0x7fb2f4d28940>)
[0.912s] Level 1:colcon.colcon_core.package_discovery:discover_packages(colcon_meta) check parameters
[0.912s] Level 1:colcon.colcon_core.package_discovery:discover_packages(recursive) check parameters
[0.913s] Level 1:colcon.colcon_core.package_discovery:discover_packages(ignore) check parameters
[0.913s] Level 1:colcon.colcon_core.package_discovery:discover_packages(path) check parameters
[0.913s] Level 1:colcon.colcon_core.package_discovery:discover_packages(colcon_meta) discover
[0.913s] Level 1:colcon.colcon_core.package_discovery:discover_packages(recursive) discover
[0.914s] INFO:colcon.colcon_core.package_discovery:Crawling recursively for packages in '/home/brahim/Desktop/boxMover/src/controle_robot'
[0.914s] Level 1:colcon.colcon_core.package_identification:_identify(.) by extensions ['ignore', 'ignore_ament_install']
[0.914s] Level 1:colcon.colcon_core.package_identification:_identify(.) by extension 'ignore'
[0.914s] Level 1:colcon.colcon_core.package_identification:_identify(.) by extension 'ignore_ament_install'
[0.915s] Level 1:colcon.colcon_core.package_identification:_identify(.) by extensions ['colcon_pkg']
[0.915s] Level 1:colcon.colcon_core.package_identification:_identify(.) by extension 'colcon_pkg'
[0.915s] Level 1:colcon.colcon_core.package_identification:_identify(.) by extensions ['colcon_meta']
[0.916s] Level 1:colcon.colcon_core.package_identification:_identify(.) by extension 'colcon_meta'
[0.916s] Level 1:colcon.colcon_core.package_identification:_identify(.) by extensions ['ros']
[0.916s] Level 1:colcon.colcon_core.package_identification:_identify(.) by extension 'ros'
[0.938s] DEBUG:colcon.colcon_core.package_identification:Package '.' with type 'ros.ament_python' and name 'controle_robot'
[0.938s] Level 1:colcon.colcon_core.package_discovery:discover_packages(recursive) using defaults
[0.938s] Level 1:colcon.colcon_core.package_discovery:discover_packages(ignore) discover
[0.938s] Level 1:colcon.colcon_core.package_discovery:discover_packages(ignore) using defaults
[0.940s] Level 1:colcon.colcon_core.package_discovery:discover_packages(path) discover
[0.940s] Level 1:colcon.colcon_core.package_discovery:discover_packages(path) using defaults
[0.960s] Level 5:colcon.colcon_core.verb:set package 'controle_robot' build argument 'cmake_args' from command line to 'None'
[0.960s] Level 5:colcon.colcon_core.verb:set package 'controle_robot' build argument 'cmake_target' from command line to 'None'
[0.960s] Level 5:colcon.colcon_core.verb:set package 'controle_robot' build argument 'cmake_target_skip_unavailable' from command line to 'False'
[0.961s] Level 5:colcon.colcon_core.verb:set package 'controle_robot' build argument 'cmake_clean_cache' from command line to 'False'
[0.961s] Level 5:colcon.colcon_core.verb:set package 'controle_robot' build argument 'cmake_clean_first' from command line to 'False'
[0.961s] Level 5:colcon.colcon_core.verb:set package 'controle_robot' build argument 'cmake_force_configure' from command line to 'False'
[0.961s] Level 5:colcon.colcon_core.verb:set package 'controle_robot' build argument 'ament_cmake_args' from command line to 'None'
[0.962s] Level 5:colcon.colcon_core.verb:set package 'controle_robot' build argument 'catkin_cmake_args' from command line to 'None'
[0.962s] Level 5:colcon.colcon_core.verb:set package 'controle_robot' build argument 'catkin_skip_building_tests' from command line to 'False'
[0.962s] DEBUG:colcon.colcon_core.verb:Building package 'controle_robot' with the following arguments: {'ament_cmake_args': None, 'build_base': '/home/brahim/Desktop/boxMover/src/controle_robot/build/controle_robot', 'catkin_cmake_args': None, 'catkin_skip_building_tests': False, 'cmake_args': None, 'cmake_clean_cache': False, 'cmake_clean_first': False, 'cmake_force_configure': False, 'cmake_target': None, 'cmake_target_skip_unavailable': False, 'install_base': '/home/brahim/Desktop/boxMover/src/controle_robot/install/controle_robot', 'merge_install': False, 'path': '/home/brahim/Desktop/boxMover/src/controle_robot', 'symlink_install': False, 'test_result_base': None}
[0.962s] INFO:colcon.colcon_core.executor:Executing jobs using 'parallel' executor
[0.965s] DEBUG:colcon.colcon_parallel_executor.executor.parallel:run_until_complete
[0.965s] INFO:colcon.colcon_ros.task.ament_python.build:Building ROS package in '/home/brahim/Desktop/boxMover/src/controle_robot' with build type 'ament_python'
[0.965s] Level 1:colcon.colcon_core.shell:create_environment_hook('controle_robot', 'ament_prefix_path')
[0.967s] INFO:colcon.colcon_core.plugin_system:Skipping extension 'colcon_core.shell.bat': Not used on non-Windows systems
[0.968s] INFO:colcon.colcon_core.shell:Creating environment hook '/home/brahim/Desktop/boxMover/src/controle_robot/install/controle_robot/share/controle_robot/hook/ament_prefix_path.ps1'
[1.058s] INFO:colcon.colcon_core.shell:Creating environment descriptor '/home/brahim/Desktop/boxMover/src/controle_robot/install/controle_robot/share/controle_robot/hook/ament_prefix_path.dsv'
[1.069s] INFO:colcon.colcon_core.shell:Creating environment hook '/home/brahim/Desktop/boxMover/src/controle_robot/install/controle_robot/share/controle_robot/hook/ament_prefix_path.sh'
[1.074s] INFO:colcon.colcon_core.shell:Skip shell extension 'powershell' for command environment: Not usable outside of PowerShell
[1.077s] DEBUG:colcon.colcon_core.shell:Skip shell extension 'dsv' for command environment
[2.537s] INFO:colcon.colcon_core.task.python.build:Building Python package in '/home/brahim/Desktop/boxMover/src/controle_robot'
[2.538s] INFO:colcon.colcon_core.shell:Skip shell extension 'powershell' for command environment: Not usable outside of PowerShell
[2.538s] DEBUG:colcon.colcon_core.shell:Skip shell extension 'dsv' for command environment
[4.803s] DEBUG:colcon.colcon_core.event_handler.log_command:Invoking command in '/home/brahim/Desktop/boxMover/src/controle_robot': PYTHONPATH=/home/brahim/Desktop/boxMover/src/controle_robot/build/controle_robot/prefix_override:/home/brahim/Desktop/boxMover/src/controle_robot/install/controle_robot/lib/python3.8/site-packages:${PYTHONPATH} /usr/bin/python3 -W ignore:setup.py install is deprecated setup.py egg_info --egg-base build/controle_robot build --build-base /home/brahim/Desktop/boxMover/src/controle_robot/build/controle_robot/build install --record /home/brahim/Desktop/boxMover/src/controle_robot/build/controle_robot/install.log --install-scripts $base/lib/controle_robot --single-version-externally-managed install_data
[5.323s] DEBUG:colcon.colcon_core.event_handler.log_command:Invoked command in '/home/brahim/Desktop/boxMover/src/controle_robot' returned '0': PYTHONPATH=/home/brahim/Desktop/boxMover/src/controle_robot/build/controle_robot/prefix_override:/home/brahim/Desktop/boxMover/src/controle_robot/install/controle_robot/lib/python3.8/site-packages:${PYTHONPATH} /usr/bin/python3 -W ignore:setup.py install is deprecated setup.py egg_info --egg-base build/controle_robot build --build-base /home/brahim/Desktop/boxMover/src/controle_robot/build/controle_robot/build install --record /home/brahim/Desktop/boxMover/src/controle_robot/build/controle_robot/install.log --install-scripts $base/lib/controle_robot --single-version-externally-managed install_data
[5.521s] Level 1:colcon.colcon_core.environment:checking '/home/brahim/Desktop/boxMover/src/controle_robot/install/controle_robot' for CMake module files
[5.522s] Level 1:colcon.colcon_core.environment:checking '/home/brahim/Desktop/boxMover/src/controle_robot/install/controle_robot' for CMake config files
[5.523s] Level 1:colcon.colcon_core.environment:checking '/home/brahim/Desktop/boxMover/src/controle_robot/install/controle_robot/lib'
[5.523s] Level 1:colcon.colcon_core.environment:checking '/home/brahim/Desktop/boxMover/src/controle_robot/install/controle_robot/bin'
[5.524s] Level 1:colcon.colcon_core.environment:checking '/home/brahim/Desktop/boxMover/src/controle_robot/install/controle_robot/lib/pkgconfig/controle_robot.pc'
[5.524s] Level 1:colcon.colcon_core.environment:checking '/home/brahim/Desktop/boxMover/src/controle_robot/install/controle_robot/lib/python3.8/site-packages'
[5.524s] Level 1:colcon.colcon_core.shell:create_environment_hook('controle_robot', 'pythonpath')
[5.527s] INFO:colcon.colcon_core.shell:Creating environment hook '/home/brahim/Desktop/boxMover/src/controle_robot/install/controle_robot/share/controle_robot/hook/pythonpath.ps1'
[5.530s] INFO:colcon.colcon_core.shell:Creating environment descriptor '/home/brahim/Desktop/boxMover/src/controle_robot/install/controle_robot/share/controle_robot/hook/pythonpath.dsv'
[5.540s] INFO:colcon.colcon_core.shell:Creating environment hook '/home/brahim/Desktop/boxMover/src/controle_robot/install/controle_robot/share/controle_robot/hook/pythonpath.sh'
[5.544s] Level 1:colcon.colcon_core.environment:checking '/home/brahim/Desktop/boxMover/src/controle_robot/install/controle_robot/bin'
[5.544s] Level 1:colcon.colcon_core.environment:create_environment_scripts_only(controle_robot)
[5.545s] INFO:colcon.colcon_core.shell:Creating package script '/home/brahim/Desktop/boxMover/src/controle_robot/install/controle_robot/share/controle_robot/package.ps1'
[5.583s] INFO:colcon.colcon_core.shell:Creating package descriptor '/home/brahim/Desktop/boxMover/src/controle_robot/install/controle_robot/share/controle_robot/package.dsv'
[5.587s] INFO:colcon.colcon_core.shell:Creating package script '/home/brahim/Desktop/boxMover/src/controle_robot/install/controle_robot/share/controle_robot/package.sh'
[5.616s] INFO:colcon.colcon_core.shell:Creating package script '/home/brahim/Desktop/boxMover/src/controle_robot/install/controle_robot/share/controle_robot/package.bash'
[5.639s] INFO:colcon.colcon_core.shell:Creating package script '/home/brahim/Desktop/boxMover/src/controle_robot/install/controle_robot/share/controle_robot/package.zsh'
[5.726s] Level 1:colcon.colcon_core.environment:create_file_with_runtime_dependencies(/home/brahim/Desktop/boxMover/src/controle_robot/install/controle_robot/share/colcon-core/packages/controle_robot)
[5.734s] DEBUG:colcon.colcon_parallel_executor.executor.parallel:closing loop
[5.737s] DEBUG:colcon.colcon_parallel_executor.executor.parallel:loop closed
[5.737s] DEBUG:colcon.colcon_parallel_executor.executor.parallel:run_until_complete finished with '0'
[5.737s] DEBUG:colcon.colcon_core.event_reactor:joining thread
[5.758s] INFO:colcon.colcon_core.plugin_system:Skipping extension 'colcon_notification.desktop_notification.terminal_notifier': Not used on non-Darwin systems
[5.759s] INFO:colcon.colcon_core.plugin_system:Skipping extension 'colcon_notification.desktop_notification.win32': Not used on non-Windows systems
[5.759s] INFO:colcon.colcon_notification.desktop_notification:Sending desktop notification using 'notify2'
[5.807s] DEBUG:colcon.colcon_core.event_reactor:joined thread
[5.809s] INFO:colcon.colcon_core.shell:Creating prefix script '/home/brahim/Desktop/boxMover/src/controle_robot/install/local_setup.ps1'
[5.813s] INFO:colcon.colcon_core.shell:Creating prefix util module '/home/brahim/Desktop/boxMover/src/controle_robot/install/_local_setup_util_ps1.py'
[5.817s] INFO:colcon.colcon_core.shell:Creating prefix chain script '/home/brahim/Desktop/boxMover/src/controle_robot/install/setup.ps1'
[5.818s] INFO:colcon.colcon_core.shell:Creating prefix script '/home/brahim/Desktop/boxMover/src/controle_robot/install/local_setup.sh'
[5.819s] INFO:colcon.colcon_core.shell:Creating prefix util module '/home/brahim/Desktop/boxMover/src/controle_robot/install/_local_setup_util_sh.py'
[5.822s] INFO:colcon.colcon_core.shell:Creating prefix chain script '/home/brahim/Desktop/boxMover/src/controle_robot/install/setup.sh'
[5.839s] INFO:colcon.colcon_core.shell:Creating prefix script '/home/brahim/Desktop/boxMover/src/controle_robot/install/local_setup.bash'
[5.840s] INFO:colcon.colcon_core.shell:Creating prefix chain script '/home/brahim/Desktop/boxMover/src/controle_robot/install/setup.bash'
[5.860s] INFO:colcon.colcon_core.shell:Creating prefix script '/home/brahim/Desktop/boxMover/src/controle_robot/install/local_setup.zsh'
[5.861s] INFO:colcon.colcon_core.shell:Creating prefix chain script '/home/brahim/Desktop/boxMover/src/controle_robot/install/setup.zsh'
