[3.833s] Invoking command in '/home/brahim/Desktop/boxMover/src/controle_robot': PYTHONPATH=/home/brahim/Desktop/boxMover/src/controle_robot/build/controle_robot/prefix_override:/home/brahim/Desktop/boxMover/src/controle_robot/install/controle_robot/lib/python3.8/site-packages:${PYTHONPATH} /usr/bin/python3 -W ignore:setup.py install is deprecated setup.py egg_info --egg-base build/controle_robot build --build-base /home/brahim/Desktop/boxMover/src/controle_robot/build/controle_robot/build install --record /home/brahim/Desktop/boxMover/src/controle_robot/build/controle_robot/install.log --install-scripts $base/lib/controle_robot --single-version-externally-managed install_data
[4.174s] running egg_info
[4.176s] creating build/controle_robot/controle_robot.egg-info
[4.176s] writing build/controle_robot/controle_robot.egg-info/PKG-INFO
[4.178s] writing dependency_links to build/controle_robot/controle_robot.egg-info/dependency_links.txt
[4.178s] writing entry points to build/controle_robot/controle_robot.egg-info/entry_points.txt
[4.178s] writing requirements to build/controle_robot/controle_robot.egg-info/requires.txt
[4.178s] writing top-level names to build/controle_robot/controle_robot.egg-info/top_level.txt
[4.194s] writing manifest file 'build/controle_robot/controle_robot.egg-info/SOURCES.txt'
[4.230s] reading manifest file 'build/controle_robot/controle_robot.egg-info/SOURCES.txt'
[4.234s] writing manifest file 'build/controle_robot/controle_robot.egg-info/SOURCES.txt'
[4.235s] running build
[4.236s] running build_py
[4.236s] creating /home/brahim/Desktop/boxMover/src/controle_robot/build/controle_robot/build
[4.248s] creating /home/brahim/Desktop/boxMover/src/controle_robot/build/controle_robot/build/lib
[4.249s] creating /home/brahim/Desktop/boxMover/src/controle_robot/build/controle_robot/build/lib/controle_robot
[4.253s] copying controle_robot/controleNode.py -> /home/brahim/Desktop/boxMover/src/controle_robot/build/controle_robot/build/lib/controle_robot
[4.255s] copying controle_robot/__init__.py -> /home/brahim/Desktop/boxMover/src/controle_robot/build/controle_robot/build/lib/controle_robot
[4.273s] running install
[4.278s] running install_lib
[4.279s] creating /home/brahim/Desktop/boxMover/src/controle_robot/install/controle_robot/lib/python3.8/site-packages/controle_robot
[4.281s] copying /home/brahim/Desktop/boxMover/src/controle_robot/build/controle_robot/build/lib/controle_robot/controleNode.py -> /home/brahim/Desktop/boxMover/src/controle_robot/install/controle_robot/lib/python3.8/site-packages/controle_robot
[4.282s] copying /home/brahim/Desktop/boxMover/src/controle_robot/build/controle_robot/build/lib/controle_robot/__init__.py -> /home/brahim/Desktop/boxMover/src/controle_robot/install/controle_robot/lib/python3.8/site-packages/controle_robot
[4.283s] byte-compiling /home/brahim/Desktop/boxMover/src/controle_robot/install/controle_robot/lib/python3.8/site-packages/controle_robot/controleNode.py to controleNode.cpython-38.pyc
[4.284s] byte-compiling /home/brahim/Desktop/boxMover/src/controle_robot/install/controle_robot/lib/python3.8/site-packages/controle_robot/__init__.py to __init__.cpython-38.pyc
[4.286s] running install_data
[4.287s] creating /home/brahim/Desktop/boxMover/src/controle_robot/install/controle_robot/share/ament_index
[4.288s] creating /home/brahim/Desktop/boxMover/src/controle_robot/install/controle_robot/share/ament_index/resource_index
[4.288s] creating /home/brahim/Desktop/boxMover/src/controle_robot/install/controle_robot/share/ament_index/resource_index/packages
[4.288s] copying resource/controle_robot -> /home/brahim/Desktop/boxMover/src/controle_robot/install/controle_robot/share/ament_index/resource_index/packages
[4.288s] copying package.xml -> /home/brahim/Desktop/boxMover/src/controle_robot/install/controle_robot/share/controle_robot
[4.288s] running install_egg_info
[4.288s] Copying build/controle_robot/controle_robot.egg-info to /home/brahim/Desktop/boxMover/src/controle_robot/install/controle_robot/lib/python3.8/site-packages/controle_robot-0.0.0-py3.8.egg-info
[4.288s] running install_scripts
[4.288s] Installing control_node script to /home/brahim/Desktop/boxMover/src/controle_robot/install/controle_robot/lib/controle_robot
[4.289s] writing list of installed files to '/home/brahim/Desktop/boxMover/src/controle_robot/build/controle_robot/install.log'
[4.352s] Invoked command in '/home/brahim/Desktop/boxMover/src/controle_robot' returned '0': PYTHONPATH=/home/brahim/Desktop/boxMover/src/controle_robot/build/controle_robot/prefix_override:/home/brahim/Desktop/boxMover/src/controle_robot/install/controle_robot/lib/python3.8/site-packages:${PYTHONPATH} /usr/bin/python3 -W ignore:setup.py install is deprecated setup.py egg_info --egg-base build/controle_robot build --build-base /home/brahim/Desktop/boxMover/src/controle_robot/build/controle_robot/build install --record /home/brahim/Desktop/boxMover/src/controle_robot/build/controle_robot/install.log --install-scripts $base/lib/controle_robot --single-version-externally-managed install_data
